<?xml version="1.0" encoding="UTF-8"?>
<testsuite xmlns:xsi="http://www.w3.org/2001/XMLSchema-instance" xsi:noNamespaceSchemaLocation="https://maven.apache.org/surefire/maven-surefire-plugin/xsd/surefire-test-report-3.0.xsd" version="3.0" name="memory.SharedVectorTest" time="0.017" tests="6" errors="0" skipped="0" failures="0">
  <properties>
[...]
</properties>
  <testcase name="testAdd" classname="memory.SharedVectorTest" time="0.002"/>
  <testcase name="testInitializationAndGetters" classname="memory.SharedVectorTest" time="0.001"/>
  <testcase name="testDotProduct" classname="memory.SharedVectorTest" time="0.003"/>
  <testcase name="testNegate" classname="memory.SharedVectorTest" time="0.001"/>
  <testcase name="testTranspose" classname="memory.SharedVectorTest" time="0.003"/>
  <testcase name="testVecMatMul" classname="memory.SharedVectorTest" time="0.003"/>
</testsuite>